
[2025-09-28 17:59:59] [INFO] POST request received: {"action":"delete","id":"16","csrf_token":"448943e5ce3a71016104755de11cafb7126db434ed935f8a8090cc2e5b55b081"}
[2025-09-28 17:59:59] [INFO] FILES received: []
[2025-09-28 17:59:59] [WARNING] Service deleted: там еще поправь (ID: 16)
[2025-09-28 18:06:20] [WARNING] Review deleted: Test Final (ID: 53)
[2025-09-28 18:06:22] [WARNING] Review deleted: Test Fix (ID: 52)
[2025-09-28 18:06:25] [WARNING] Review deleted: Test Deutsch (ID: 51)
[2025-09-28 18:06:27] [WARNING] Review deleted: Тест Исправления 2 (ID: 50)
[2025-09-28 18:06:29] [WARNING] Review deleted: Тест Исправления (ID: 49)
[2025-09-28 18:06:32] [WARNING] Review deleted: Тест Ошибки (ID: 48)
[2025-09-28 18:06:35] [INFO] Review moderated: Тест Уведомления (ID: 47) -> rejected
[2025-09-28 18:07:07] [INFO] Review moderated: Тест Уведомления (ID: 47) -> rejected
[2025-09-28 18:07:21] [INFO] Translation saved: faq.question (ID: 25)
[2025-09-28 18:07:23] [INFO] Translation saved: faq.answer (ID: 25)
[2025-09-28 18:07:23] [INFO] FAQ translations created for ID: 25
[2025-09-28 18:07:23] [INFO] New FAQ created: Мы предоставляем гарантию 2 года (ID: 25)
[2025-09-28 18:08:01] [WARNING] FAQ deleted: Как долго действует гарантия на работы? (ID: 6)
[2025-09-28 18:10:11] [WARNING] Blog post deleted: Современные тенденции в дизайне интерьера 2024 (ID: 12)
[2025-09-28 18:10:14] [WARNING] Blog post deleted: Тестовая статья с автодатой (ID: 13)
[2025-09-28 18:11:58] [INFO] Translation saved: blog_posts.title (ID: 14)
[2025-09-28 18:11:59] [INFO] Translation saved: blog_posts.excerpt (ID: 14)
[2025-09-28 18:12:02] [INFO] Translation saved: blog_posts.content (ID: 14)
[2025-09-28 18:12:02] [INFO] Auto-translation completed for blog post ID: 14
[2025-09-28 18:12:02] [INFO] New blog post created: Введение  Ремонт ванной комнаты — это серьезное мероприятие, (ID: 14)
[2025-09-28 18:16:02] [WARNING] Blog post deleted: Как выбрать правильные материалы для ремонта ванной комнаты (ID: 1)
[2025-09-28 18:16:52] [ERROR] Select error: SQLSTATE[HY000]: General error: 1 no such column: featured
[2025-09-28 18:17:02] [WARNING] Review deleted: Топ-1 спидранер по Майнкрафту (ID: 44)
[2025-09-28 18:17:10] [WARNING] Review deleted: Тест Уведомления (ID: 47)
[2025-09-28 18:17:14] [INFO] Review moderated: Тест Перевода (ID: 46) -> published
[2025-09-28 18:17:34] [INFO] New review created: biz (ID: 54)
[2025-09-28 18:17:39] [INFO] Review moderated: biz (ID: 54) -> published
[2025-09-28 18:20:50] [INFO] New review created: имя (ID: 55)
[2025-09-28 18:20:53] [INFO] Review moderated: имя (ID: 55) -> published
[2025-09-28 18:23:15] [INFO] Translation saved: reviews.review_text (ID: 56)
[2025-09-28 18:23:35] [INFO] Translation saved: reviews.review_text (ID: 56)
[2025-09-28 18:25:02] [INFO] Translation saved: reviews.review_text (ID: 57)
[2025-09-28 18:50:10] [ERROR] Select error: SQLSTATE[HY000]: General error: 1 no such column: featured
[2025-09-28 18:50:21] [ERROR] Select error: SQLSTATE[HY000]: General error: 1 no such column: featured
[2025-09-28 18:50:49] [ERROR] Select error: SQLSTATE[HY000]: General error: 1 no such column: featured
[2025-09-28 18:51:29] [ERROR] Select error: SQLSTATE[HY000]: General error: 1 no such column: featured
[2025-09-28 18:54:37] [ERROR] Select error: SQLSTATE[HY000]: General error: 1 no such column: featured
[2025-09-28 18:54:38] [ERROR] Select error: SQLSTATE[HY000]: General error: 1 no such column: featured
[2025-09-28 18:58:17] [ERROR] Select error: SQLSTATE[HY000]: General error: 1 no such column: featured
[2025-09-28 19:01:21] [ERROR] Select error: SQLSTATE[HY000]: General error: 1 no such column: featured
[2025-09-28 19:01:21] [ERROR] Select error: SQLSTATE[HY000]: General error: 1 no such column: featured
[2025-09-28 19:01:24] [ERROR] Select error: SQLSTATE[HY000]: General error: 1 no such column: featured
[2025-09-28 19:01:24] [ERROR] Select error: SQLSTATE[HY000]: General error: 1 no such column: featured
[2025-09-28 19:03:11] [ERROR] Select error: SQLSTATE[HY000]: General error: 1 no such column: featured
[2025-09-28 19:04:38] [ERROR] Select error: SQLSTATE[HY000]: General error: 1 no such column: featured
[2025-09-28 19:04:39] [ERROR] Select error: SQLSTATE[HY000]: General error: 1 no such column: featured
[2025-09-28 19:06:43] [ERROR] Select error: SQLSTATE[HY000]: General error: 1 no such column: featured
[2025-09-28 19:06:43] [ERROR] Select error: SQLSTATE[HY000]: General error: 1 no such column: featured
[2025-09-28 19:12:43] [ERROR] Select error: SQLSTATE[HY000]: General error: 1 no such column: featured
[2025-09-28 19:12:57] [ERROR] Select error: SQLSTATE[HY000]: General error: 1 no such column: featured
[2025-09-28 19:13:30] [ERROR] Select error: SQLSTATE[HY000]: General error: 1 no such column: featured
[2025-09-28 19:14:43] [ERROR] Select error: SQLSTATE[HY000]: General error: 1 no such column: featured
[2025-09-28 19:19:46] [ERROR] Select error: SQLSTATE[HY000]: General error: 1 no such column: featured
[2025-09-28 23:32:05] [INFO] User root logged in
[2025-09-28 23:32:10] [WARNING] Portfolio project deleted: тест новый проект (ID: 64)
[2025-09-28 23:38:16] [ERROR] Select error: SQLSTATE[HY000]: General error: 1 no such column: featured
[2025-09-28 23:39:32] [ERROR] Select error: SQLSTATE[HY000]: General error: 1 no such column: featured
[2025-09-28 23:56:01] [ERROR] Select error: SQLSTATE[HY000]: General error: 1 no such column: featured
[2025-09-29 00:08:01] [INFO] POST request received: {"action":"delete","csrf_token":"eb324590591d89b9b95e54ad7ff103bdafa58bcbbf2beb1402bbc60ec66fe092","id":"6"}
[2025-09-29 00:08:01] [INFO] FILES received: []
[2025-09-29 00:08:01] [WARNING] Service deleted: Комплексный ремонт (ID: 6)
[2025-09-29 00:15:17] [INFO] POST request received: {"action":"delete","id":"15","csrf_token":"eb324590591d89b9b95e54ad7ff103bdafa58bcbbf2beb1402bbc60ec66fe092"}
[2025-09-29 00:15:17] [INFO] FILES received: []
[2025-09-29 00:15:17] [WARNING] Service deleted: Покраска стен и потолков (ID: 15)
[2025-09-29 00:21:58] [ERROR] Select error: SQLSTATE[HY000]: General error: 1 no such column: featured
[2025-09-29 00:27:21] [ERROR] Select error: SQLSTATE[HY000]: General error: 1 no such column: featured
[2025-09-29 00:41:53] [INFO] User root logged out
[2025-09-29 00:42:46] [INFO] User root logged in
[2025-09-29 00:43:57] [INFO] User root logged in
[2025-09-29 00:47:26] [ERROR] Select error: SQLSTATE[HY000]: General error: 1 no such column: featured
